  [1m[36m (1.1ms)[0m  [1mCREATE TABLE "schema_migrations" ("version" varchar NOT NULL) [0m
  [1m[35m (0.5ms)[0m  select sqlite_version(*)
  [1m[36m (1.2ms)[0m  [1mCREATE UNIQUE INDEX "unique_schema_migrations" ON "schema_migrations" ("version")[0m
  [1m[35mActiveRecord::SchemaMigration Load (0.2ms)[0m  SELECT "schema_migrations".* FROM "schema_migrations"
  [1m[36mActiveRecord::SchemaMigration Load (0.6ms)[0m  [1mSELECT "schema_migrations".* FROM "schema_migrations"[0m
  [1m[36mActiveRecord::SchemaMigration Load (0.7ms)[0m  [1mSELECT "schema_migrations".* FROM "schema_migrations"[0m


Started GET "/" for ::1 at 2015-09-29 14:29:16 -0700
Processing by Rails::WelcomeController#index as HTML
  Rendered vendor/bundle/gems/railties-4.2.3/lib/rails/templates/rails/welcome/index.html.erb (1.8ms)
Completed 200 OK in 9ms (Views: 9.2ms | ActiveRecord: 0.0ms)


Started GET "/scales" for ::1 at 2015-09-29 14:30:15 -0700

ActionController::RoutingError (No route matches [GET] "/scales"):
  vendor/bundle/gems/actionpack-4.2.3/lib/action_dispatch/middleware/debug_exceptions.rb:21:in `call'
  vendor/bundle/gems/actionpack-4.2.3/lib/action_dispatch/middleware/show_exceptions.rb:30:in `call'
  vendor/bundle/gems/railties-4.2.3/lib/rails/rack/logger.rb:38:in `call_app'
  vendor/bundle/gems/railties-4.2.3/lib/rails/rack/logger.rb:20:in `block in call'
  vendor/bundle/gems/activesupport-4.2.3/lib/active_support/tagged_logging.rb:68:in `block in tagged'
  vendor/bundle/gems/activesupport-4.2.3/lib/active_support/tagged_logging.rb:26:in `tagged'
  vendor/bundle/gems/activesupport-4.2.3/lib/active_support/tagged_logging.rb:68:in `tagged'
  vendor/bundle/gems/railties-4.2.3/lib/rails/rack/logger.rb:20:in `call'
  vendor/bundle/gems/actionpack-4.2.3/lib/action_dispatch/middleware/request_id.rb:21:in `call'
  vendor/bundle/gems/rack-1.6.4/lib/rack/runtime.rb:18:in `call'
  vendor/bundle/gems/activesupport-4.2.3/lib/active_support/cache/strategy/local_cache_middleware.rb:28:in `call'
  vendor/bundle/gems/rack-1.6.4/lib/rack/lock.rb:17:in `call'
  vendor/bundle/gems/actionpack-4.2.3/lib/action_dispatch/middleware/static.rb:116:in `call'
  vendor/bundle/gems/railties-4.2.3/lib/rails/engine.rb:518:in `call'
  vendor/bundle/gems/railties-4.2.3/lib/rails/application.rb:165:in `call'
  vendor/bundle/gems/rack-1.6.4/lib/rack/lock.rb:17:in `call'
  vendor/bundle/gems/rack-1.6.4/lib/rack/content_length.rb:15:in `call'
  vendor/bundle/gems/rack-1.6.4/lib/rack/handler/webrick.rb:88:in `service'
  /Users/LTran/.rbenv/versions/2.0.0-p481/lib/ruby/2.0.0/webrick/httpserver.rb:138:in `service'
  /Users/LTran/.rbenv/versions/2.0.0-p481/lib/ruby/2.0.0/webrick/httpserver.rb:94:in `run'
  /Users/LTran/.rbenv/versions/2.0.0-p481/lib/ruby/2.0.0/webrick/server.rb:295:in `block in start_thread'


  Rendered vendor/bundle/gems/actionpack-4.2.3/lib/action_dispatch/middleware/templates/rescues/_trace.html.erb (2.1ms)
  Rendered vendor/bundle/gems/actionpack-4.2.3/lib/action_dispatch/middleware/templates/routes/_route.html.erb (0.8ms)
  Rendered vendor/bundle/gems/actionpack-4.2.3/lib/action_dispatch/middleware/templates/routes/_table.html.erb (11.3ms)
  Rendered vendor/bundle/gems/actionpack-4.2.3/lib/action_dispatch/middleware/templates/rescues/_request_and_response.html.erb (2.0ms)
  Rendered vendor/bundle/gems/actionpack-4.2.3/lib/action_dispatch/middleware/templates/rescues/routing_error.html.erb within rescues/layout (44.2ms)


Started GET "/api/v1/scales" for ::1 at 2015-09-29 14:30:40 -0700

ActionController::RoutingError (uninitialized constant Api):
  vendor/bundle/gems/activesupport-4.2.3/lib/active_support/inflector/methods.rb:261:in `const_get'
  vendor/bundle/gems/activesupport-4.2.3/lib/active_support/inflector/methods.rb:261:in `block in constantize'
  vendor/bundle/gems/activesupport-4.2.3/lib/active_support/inflector/methods.rb:259:in `each'
  vendor/bundle/gems/activesupport-4.2.3/lib/active_support/inflector/methods.rb:259:in `inject'
  vendor/bundle/gems/activesupport-4.2.3/lib/active_support/inflector/methods.rb:259:in `constantize'
  vendor/bundle/gems/actionpack-4.2.3/lib/action_dispatch/routing/route_set.rb:72:in `controller_reference'
  vendor/bundle/gems/actionpack-4.2.3/lib/action_dispatch/routing/route_set.rb:62:in `controller'
  vendor/bundle/gems/actionpack-4.2.3/lib/action_dispatch/routing/route_set.rb:41:in `serve'
  vendor/bundle/gems/actionpack-4.2.3/lib/action_dispatch/journey/router.rb:43:in `block in serve'
  vendor/bundle/gems/actionpack-4.2.3/lib/action_dispatch/journey/router.rb:30:in `each'
  vendor/bundle/gems/actionpack-4.2.3/lib/action_dispatch/journey/router.rb:30:in `serve'
  vendor/bundle/gems/actionpack-4.2.3/lib/action_dispatch/routing/route_set.rb:821:in `call'
  vendor/bundle/gems/rack-1.6.4/lib/rack/etag.rb:24:in `call'
  vendor/bundle/gems/rack-1.6.4/lib/rack/conditionalget.rb:25:in `call'
  vendor/bundle/gems/rack-1.6.4/lib/rack/head.rb:13:in `call'
  vendor/bundle/gems/actionpack-4.2.3/lib/action_dispatch/middleware/params_parser.rb:27:in `call'
  vendor/bundle/gems/activerecord-4.2.3/lib/active_record/query_cache.rb:36:in `call'
  vendor/bundle/gems/activerecord-4.2.3/lib/active_record/connection_adapters/abstract/connection_pool.rb:653:in `call'
  vendor/bundle/gems/activerecord-4.2.3/lib/active_record/migration.rb:377:in `call'
  vendor/bundle/gems/actionpack-4.2.3/lib/action_dispatch/middleware/callbacks.rb:29:in `block in call'
  vendor/bundle/gems/activesupport-4.2.3/lib/active_support/callbacks.rb:84:in `run_callbacks'
  vendor/bundle/gems/actionpack-4.2.3/lib/action_dispatch/middleware/callbacks.rb:27:in `call'
  vendor/bundle/gems/actionpack-4.2.3/lib/action_dispatch/middleware/reloader.rb:73:in `call'
  vendor/bundle/gems/actionpack-4.2.3/lib/action_dispatch/middleware/remote_ip.rb:78:in `call'
  vendor/bundle/gems/actionpack-4.2.3/lib/action_dispatch/middleware/debug_exceptions.rb:17:in `call'
  vendor/bundle/gems/actionpack-4.2.3/lib/action_dispatch/middleware/show_exceptions.rb:30:in `call'
  vendor/bundle/gems/railties-4.2.3/lib/rails/rack/logger.rb:38:in `call_app'
  vendor/bundle/gems/railties-4.2.3/lib/rails/rack/logger.rb:20:in `block in call'
  vendor/bundle/gems/activesupport-4.2.3/lib/active_support/tagged_logging.rb:68:in `block in tagged'
  vendor/bundle/gems/activesupport-4.2.3/lib/active_support/tagged_logging.rb:26:in `tagged'
  vendor/bundle/gems/activesupport-4.2.3/lib/active_support/tagged_logging.rb:68:in `tagged'
  vendor/bundle/gems/railties-4.2.3/lib/rails/rack/logger.rb:20:in `call'
  vendor/bundle/gems/actionpack-4.2.3/lib/action_dispatch/middleware/request_id.rb:21:in `call'
  vendor/bundle/gems/rack-1.6.4/lib/rack/runtime.rb:18:in `call'
  vendor/bundle/gems/activesupport-4.2.3/lib/active_support/cache/strategy/local_cache_middleware.rb:28:in `call'
  vendor/bundle/gems/rack-1.6.4/lib/rack/lock.rb:17:in `call'
  vendor/bundle/gems/actionpack-4.2.3/lib/action_dispatch/middleware/static.rb:116:in `call'
  vendor/bundle/gems/railties-4.2.3/lib/rails/engine.rb:518:in `call'
  vendor/bundle/gems/railties-4.2.3/lib/rails/application.rb:165:in `call'
  vendor/bundle/gems/rack-1.6.4/lib/rack/lock.rb:17:in `call'
  vendor/bundle/gems/rack-1.6.4/lib/rack/content_length.rb:15:in `call'
  vendor/bundle/gems/rack-1.6.4/lib/rack/handler/webrick.rb:88:in `service'
  /Users/LTran/.rbenv/versions/2.0.0-p481/lib/ruby/2.0.0/webrick/httpserver.rb:138:in `service'
  /Users/LTran/.rbenv/versions/2.0.0-p481/lib/ruby/2.0.0/webrick/httpserver.rb:94:in `run'
  /Users/LTran/.rbenv/versions/2.0.0-p481/lib/ruby/2.0.0/webrick/server.rb:295:in `block in start_thread'


  Rendered vendor/bundle/gems/actionpack-4.2.3/lib/action_dispatch/middleware/templates/rescues/_trace.html.erb (2.3ms)
  Rendered vendor/bundle/gems/actionpack-4.2.3/lib/action_dispatch/middleware/templates/routes/_route.html.erb (0.6ms)
  Rendered vendor/bundle/gems/actionpack-4.2.3/lib/action_dispatch/middleware/templates/routes/_table.html.erb (1.9ms)
  Rendered vendor/bundle/gems/actionpack-4.2.3/lib/action_dispatch/middleware/templates/rescues/_request_and_response.html.erb (1.5ms)
  Rendered vendor/bundle/gems/actionpack-4.2.3/lib/action_dispatch/middleware/templates/rescues/routing_error.html.erb within rescues/layout (24.2ms)


Started GET "/api/v1/scales" for ::1 at 2015-09-29 14:30:43 -0700

ActionController::RoutingError (uninitialized constant Api):
  vendor/bundle/gems/activesupport-4.2.3/lib/active_support/inflector/methods.rb:261:in `const_get'
  vendor/bundle/gems/activesupport-4.2.3/lib/active_support/inflector/methods.rb:261:in `block in constantize'
  vendor/bundle/gems/activesupport-4.2.3/lib/active_support/inflector/methods.rb:259:in `each'
  vendor/bundle/gems/activesupport-4.2.3/lib/active_support/inflector/methods.rb:259:in `inject'
  vendor/bundle/gems/activesupport-4.2.3/lib/active_support/inflector/methods.rb:259:in `constantize'
  vendor/bundle/gems/actionpack-4.2.3/lib/action_dispatch/routing/route_set.rb:72:in `controller_reference'
  vendor/bundle/gems/actionpack-4.2.3/lib/action_dispatch/routing/route_set.rb:62:in `controller'
  vendor/bundle/gems/actionpack-4.2.3/lib/action_dispatch/routing/route_set.rb:41:in `serve'
  vendor/bundle/gems/actionpack-4.2.3/lib/action_dispatch/journey/router.rb:43:in `block in serve'
  vendor/bundle/gems/actionpack-4.2.3/lib/action_dispatch/journey/router.rb:30:in `each'
  vendor/bundle/gems/actionpack-4.2.3/lib/action_dispatch/journey/router.rb:30:in `serve'
  vendor/bundle/gems/actionpack-4.2.3/lib/action_dispatch/routing/route_set.rb:821:in `call'
  vendor/bundle/gems/rack-1.6.4/lib/rack/etag.rb:24:in `call'
  vendor/bundle/gems/rack-1.6.4/lib/rack/conditionalget.rb:25:in `call'
  vendor/bundle/gems/rack-1.6.4/lib/rack/head.rb:13:in `call'
  vendor/bundle/gems/actionpack-4.2.3/lib/action_dispatch/middleware/params_parser.rb:27:in `call'
  vendor/bundle/gems/activerecord-4.2.3/lib/active_record/query_cache.rb:36:in `call'
  vendor/bundle/gems/activerecord-4.2.3/lib/active_record/connection_adapters/abstract/connection_pool.rb:653:in `call'
  vendor/bundle/gems/activerecord-4.2.3/lib/active_record/migration.rb:377:in `call'
  vendor/bundle/gems/actionpack-4.2.3/lib/action_dispatch/middleware/callbacks.rb:29:in `block in call'
  vendor/bundle/gems/activesupport-4.2.3/lib/active_support/callbacks.rb:84:in `run_callbacks'
  vendor/bundle/gems/actionpack-4.2.3/lib/action_dispatch/middleware/callbacks.rb:27:in `call'
  vendor/bundle/gems/actionpack-4.2.3/lib/action_dispatch/middleware/reloader.rb:73:in `call'
  vendor/bundle/gems/actionpack-4.2.3/lib/action_dispatch/middleware/remote_ip.rb:78:in `call'
  vendor/bundle/gems/actionpack-4.2.3/lib/action_dispatch/middleware/debug_exceptions.rb:17:in `call'
  vendor/bundle/gems/actionpack-4.2.3/lib/action_dispatch/middleware/show_exceptions.rb:30:in `call'
  vendor/bundle/gems/railties-4.2.3/lib/rails/rack/logger.rb:38:in `call_app'
  vendor/bundle/gems/railties-4.2.3/lib/rails/rack/logger.rb:20:in `block in call'
  vendor/bundle/gems/activesupport-4.2.3/lib/active_support/tagged_logging.rb:68:in `block in tagged'
  vendor/bundle/gems/activesupport-4.2.3/lib/active_support/tagged_logging.rb:26:in `tagged'
  vendor/bundle/gems/activesupport-4.2.3/lib/active_support/tagged_logging.rb:68:in `tagged'
  vendor/bundle/gems/railties-4.2.3/lib/rails/rack/logger.rb:20:in `call'
  vendor/bundle/gems/actionpack-4.2.3/lib/action_dispatch/middleware/request_id.rb:21:in `call'
  vendor/bundle/gems/rack-1.6.4/lib/rack/runtime.rb:18:in `call'
  vendor/bundle/gems/activesupport-4.2.3/lib/active_support/cache/strategy/local_cache_middleware.rb:28:in `call'
  vendor/bundle/gems/rack-1.6.4/lib/rack/lock.rb:17:in `call'
  vendor/bundle/gems/actionpack-4.2.3/lib/action_dispatch/middleware/static.rb:116:in `call'
  vendor/bundle/gems/railties-4.2.3/lib/rails/engine.rb:518:in `call'
  vendor/bundle/gems/railties-4.2.3/lib/rails/application.rb:165:in `call'
  vendor/bundle/gems/rack-1.6.4/lib/rack/lock.rb:17:in `call'
  vendor/bundle/gems/rack-1.6.4/lib/rack/content_length.rb:15:in `call'
  vendor/bundle/gems/rack-1.6.4/lib/rack/handler/webrick.rb:88:in `service'
  /Users/LTran/.rbenv/versions/2.0.0-p481/lib/ruby/2.0.0/webrick/httpserver.rb:138:in `service'
  /Users/LTran/.rbenv/versions/2.0.0-p481/lib/ruby/2.0.0/webrick/httpserver.rb:94:in `run'
  /Users/LTran/.rbenv/versions/2.0.0-p481/lib/ruby/2.0.0/webrick/server.rb:295:in `block in start_thread'


  Rendered vendor/bundle/gems/actionpack-4.2.3/lib/action_dispatch/middleware/templates/rescues/_trace.html.erb (1.9ms)
  Rendered vendor/bundle/gems/actionpack-4.2.3/lib/action_dispatch/middleware/templates/routes/_route.html.erb (0.6ms)
  Rendered vendor/bundle/gems/actionpack-4.2.3/lib/action_dispatch/middleware/templates/routes/_table.html.erb (1.1ms)
  Rendered vendor/bundle/gems/actionpack-4.2.3/lib/action_dispatch/middleware/templates/rescues/_request_and_response.html.erb (1.5ms)
  Rendered vendor/bundle/gems/actionpack-4.2.3/lib/action_dispatch/middleware/templates/rescues/routing_error.html.erb within rescues/layout (18.0ms)


Started GET "/api_v1_scales_path" for ::1 at 2015-09-29 14:31:03 -0700

ActionController::RoutingError (No route matches [GET] "/api_v1_scales_path"):
  vendor/bundle/gems/actionpack-4.2.3/lib/action_dispatch/middleware/debug_exceptions.rb:21:in `call'
  vendor/bundle/gems/actionpack-4.2.3/lib/action_dispatch/middleware/show_exceptions.rb:30:in `call'
  vendor/bundle/gems/railties-4.2.3/lib/rails/rack/logger.rb:38:in `call_app'
  vendor/bundle/gems/railties-4.2.3/lib/rails/rack/logger.rb:20:in `block in call'
  vendor/bundle/gems/activesupport-4.2.3/lib/active_support/tagged_logging.rb:68:in `block in tagged'
  vendor/bundle/gems/activesupport-4.2.3/lib/active_support/tagged_logging.rb:26:in `tagged'
  vendor/bundle/gems/activesupport-4.2.3/lib/active_support/tagged_logging.rb:68:in `tagged'
  vendor/bundle/gems/railties-4.2.3/lib/rails/rack/logger.rb:20:in `call'
  vendor/bundle/gems/actionpack-4.2.3/lib/action_dispatch/middleware/request_id.rb:21:in `call'
  vendor/bundle/gems/rack-1.6.4/lib/rack/runtime.rb:18:in `call'
  vendor/bundle/gems/activesupport-4.2.3/lib/active_support/cache/strategy/local_cache_middleware.rb:28:in `call'
  vendor/bundle/gems/rack-1.6.4/lib/rack/lock.rb:17:in `call'
  vendor/bundle/gems/actionpack-4.2.3/lib/action_dispatch/middleware/static.rb:116:in `call'
  vendor/bundle/gems/railties-4.2.3/lib/rails/engine.rb:518:in `call'
  vendor/bundle/gems/railties-4.2.3/lib/rails/application.rb:165:in `call'
  vendor/bundle/gems/rack-1.6.4/lib/rack/lock.rb:17:in `call'
  vendor/bundle/gems/rack-1.6.4/lib/rack/content_length.rb:15:in `call'
  vendor/bundle/gems/rack-1.6.4/lib/rack/handler/webrick.rb:88:in `service'
  /Users/LTran/.rbenv/versions/2.0.0-p481/lib/ruby/2.0.0/webrick/httpserver.rb:138:in `service'
  /Users/LTran/.rbenv/versions/2.0.0-p481/lib/ruby/2.0.0/webrick/httpserver.rb:94:in `run'
  /Users/LTran/.rbenv/versions/2.0.0-p481/lib/ruby/2.0.0/webrick/server.rb:295:in `block in start_thread'


  Rendered vendor/bundle/gems/actionpack-4.2.3/lib/action_dispatch/middleware/templates/rescues/_trace.html.erb (2.3ms)
  Rendered vendor/bundle/gems/actionpack-4.2.3/lib/action_dispatch/middleware/templates/routes/_route.html.erb (1.6ms)
  Rendered vendor/bundle/gems/actionpack-4.2.3/lib/action_dispatch/middleware/templates/routes/_table.html.erb (1.9ms)
  Rendered vendor/bundle/gems/actionpack-4.2.3/lib/action_dispatch/middleware/templates/rescues/_request_and_response.html.erb (1.4ms)
  Rendered vendor/bundle/gems/actionpack-4.2.3/lib/action_dispatch/middleware/templates/rescues/routing_error.html.erb within rescues/layout (28.8ms)


Started GET "/api_v1_scales" for ::1 at 2015-09-29 14:31:09 -0700

ActionController::RoutingError (No route matches [GET] "/api_v1_scales"):
  vendor/bundle/gems/actionpack-4.2.3/lib/action_dispatch/middleware/debug_exceptions.rb:21:in `call'
  vendor/bundle/gems/actionpack-4.2.3/lib/action_dispatch/middleware/show_exceptions.rb:30:in `call'
  vendor/bundle/gems/railties-4.2.3/lib/rails/rack/logger.rb:38:in `call_app'
  vendor/bundle/gems/railties-4.2.3/lib/rails/rack/logger.rb:20:in `block in call'
  vendor/bundle/gems/activesupport-4.2.3/lib/active_support/tagged_logging.rb:68:in `block in tagged'
  vendor/bundle/gems/activesupport-4.2.3/lib/active_support/tagged_logging.rb:26:in `tagged'
  vendor/bundle/gems/activesupport-4.2.3/lib/active_support/tagged_logging.rb:68:in `tagged'
  vendor/bundle/gems/railties-4.2.3/lib/rails/rack/logger.rb:20:in `call'
  vendor/bundle/gems/actionpack-4.2.3/lib/action_dispatch/middleware/request_id.rb:21:in `call'
  vendor/bundle/gems/rack-1.6.4/lib/rack/runtime.rb:18:in `call'
  vendor/bundle/gems/activesupport-4.2.3/lib/active_support/cache/strategy/local_cache_middleware.rb:28:in `call'
  vendor/bundle/gems/rack-1.6.4/lib/rack/lock.rb:17:in `call'
  vendor/bundle/gems/actionpack-4.2.3/lib/action_dispatch/middleware/static.rb:116:in `call'
  vendor/bundle/gems/railties-4.2.3/lib/rails/engine.rb:518:in `call'
  vendor/bundle/gems/railties-4.2.3/lib/rails/application.rb:165:in `call'
  vendor/bundle/gems/rack-1.6.4/lib/rack/lock.rb:17:in `call'
  vendor/bundle/gems/rack-1.6.4/lib/rack/content_length.rb:15:in `call'
  vendor/bundle/gems/rack-1.6.4/lib/rack/handler/webrick.rb:88:in `service'
  /Users/LTran/.rbenv/versions/2.0.0-p481/lib/ruby/2.0.0/webrick/httpserver.rb:138:in `service'
  /Users/LTran/.rbenv/versions/2.0.0-p481/lib/ruby/2.0.0/webrick/httpserver.rb:94:in `run'
  /Users/LTran/.rbenv/versions/2.0.0-p481/lib/ruby/2.0.0/webrick/server.rb:295:in `block in start_thread'


  Rendered vendor/bundle/gems/actionpack-4.2.3/lib/action_dispatch/middleware/templates/rescues/_trace.html.erb (1.2ms)
  Rendered vendor/bundle/gems/actionpack-4.2.3/lib/action_dispatch/middleware/templates/routes/_route.html.erb (0.7ms)
  Rendered vendor/bundle/gems/actionpack-4.2.3/lib/action_dispatch/middleware/templates/routes/_table.html.erb (1.2ms)
  Rendered vendor/bundle/gems/actionpack-4.2.3/lib/action_dispatch/middleware/templates/rescues/_request_and_response.html.erb (0.9ms)
  Rendered vendor/bundle/gems/actionpack-4.2.3/lib/action_dispatch/middleware/templates/rescues/routing_error.html.erb within rescues/layout (17.1ms)


Started GET "/api/v1/scales" for ::1 at 2015-09-29 14:32:05 -0700

ActionController::RoutingError (uninitialized constant Api):
  vendor/bundle/gems/activesupport-4.2.3/lib/active_support/inflector/methods.rb:261:in `const_get'
  vendor/bundle/gems/activesupport-4.2.3/lib/active_support/inflector/methods.rb:261:in `block in constantize'
  vendor/bundle/gems/activesupport-4.2.3/lib/active_support/inflector/methods.rb:259:in `each'
  vendor/bundle/gems/activesupport-4.2.3/lib/active_support/inflector/methods.rb:259:in `inject'
  vendor/bundle/gems/activesupport-4.2.3/lib/active_support/inflector/methods.rb:259:in `constantize'
  vendor/bundle/gems/actionpack-4.2.3/lib/action_dispatch/routing/route_set.rb:72:in `controller_reference'
  vendor/bundle/gems/actionpack-4.2.3/lib/action_dispatch/routing/route_set.rb:62:in `controller'
  vendor/bundle/gems/actionpack-4.2.3/lib/action_dispatch/routing/route_set.rb:41:in `serve'
  vendor/bundle/gems/actionpack-4.2.3/lib/action_dispatch/journey/router.rb:43:in `block in serve'
  vendor/bundle/gems/actionpack-4.2.3/lib/action_dispatch/journey/router.rb:30:in `each'
  vendor/bundle/gems/actionpack-4.2.3/lib/action_dispatch/journey/router.rb:30:in `serve'
  vendor/bundle/gems/actionpack-4.2.3/lib/action_dispatch/routing/route_set.rb:821:in `call'
  vendor/bundle/gems/rack-1.6.4/lib/rack/etag.rb:24:in `call'
  vendor/bundle/gems/rack-1.6.4/lib/rack/conditionalget.rb:25:in `call'
  vendor/bundle/gems/rack-1.6.4/lib/rack/head.rb:13:in `call'
  vendor/bundle/gems/actionpack-4.2.3/lib/action_dispatch/middleware/params_parser.rb:27:in `call'
  vendor/bundle/gems/activerecord-4.2.3/lib/active_record/query_cache.rb:36:in `call'
  vendor/bundle/gems/activerecord-4.2.3/lib/active_record/connection_adapters/abstract/connection_pool.rb:653:in `call'
  vendor/bundle/gems/activerecord-4.2.3/lib/active_record/migration.rb:377:in `call'
  vendor/bundle/gems/actionpack-4.2.3/lib/action_dispatch/middleware/callbacks.rb:29:in `block in call'
  vendor/bundle/gems/activesupport-4.2.3/lib/active_support/callbacks.rb:84:in `run_callbacks'
  vendor/bundle/gems/actionpack-4.2.3/lib/action_dispatch/middleware/callbacks.rb:27:in `call'
  vendor/bundle/gems/actionpack-4.2.3/lib/action_dispatch/middleware/reloader.rb:73:in `call'
  vendor/bundle/gems/actionpack-4.2.3/lib/action_dispatch/middleware/remote_ip.rb:78:in `call'
  vendor/bundle/gems/actionpack-4.2.3/lib/action_dispatch/middleware/debug_exceptions.rb:17:in `call'
  vendor/bundle/gems/actionpack-4.2.3/lib/action_dispatch/middleware/show_exceptions.rb:30:in `call'
  vendor/bundle/gems/railties-4.2.3/lib/rails/rack/logger.rb:38:in `call_app'
  vendor/bundle/gems/railties-4.2.3/lib/rails/rack/logger.rb:20:in `block in call'
  vendor/bundle/gems/activesupport-4.2.3/lib/active_support/tagged_logging.rb:68:in `block in tagged'
  vendor/bundle/gems/activesupport-4.2.3/lib/active_support/tagged_logging.rb:26:in `tagged'
  vendor/bundle/gems/activesupport-4.2.3/lib/active_support/tagged_logging.rb:68:in `tagged'
  vendor/bundle/gems/railties-4.2.3/lib/rails/rack/logger.rb:20:in `call'
  vendor/bundle/gems/actionpack-4.2.3/lib/action_dispatch/middleware/request_id.rb:21:in `call'
  vendor/bundle/gems/rack-1.6.4/lib/rack/runtime.rb:18:in `call'
  vendor/bundle/gems/activesupport-4.2.3/lib/active_support/cache/strategy/local_cache_middleware.rb:28:in `call'
  vendor/bundle/gems/rack-1.6.4/lib/rack/lock.rb:17:in `call'
  vendor/bundle/gems/actionpack-4.2.3/lib/action_dispatch/middleware/static.rb:116:in `call'
  vendor/bundle/gems/railties-4.2.3/lib/rails/engine.rb:518:in `call'
  vendor/bundle/gems/railties-4.2.3/lib/rails/application.rb:165:in `call'
  vendor/bundle/gems/rack-1.6.4/lib/rack/lock.rb:17:in `call'
  vendor/bundle/gems/rack-1.6.4/lib/rack/content_length.rb:15:in `call'
  vendor/bundle/gems/rack-1.6.4/lib/rack/handler/webrick.rb:88:in `service'
  /Users/LTran/.rbenv/versions/2.0.0-p481/lib/ruby/2.0.0/webrick/httpserver.rb:138:in `service'
  /Users/LTran/.rbenv/versions/2.0.0-p481/lib/ruby/2.0.0/webrick/httpserver.rb:94:in `run'
  /Users/LTran/.rbenv/versions/2.0.0-p481/lib/ruby/2.0.0/webrick/server.rb:295:in `block in start_thread'


  Rendered vendor/bundle/gems/actionpack-4.2.3/lib/action_dispatch/middleware/templates/rescues/_trace.html.erb (2.4ms)
  Rendered vendor/bundle/gems/actionpack-4.2.3/lib/action_dispatch/middleware/templates/routes/_route.html.erb (0.7ms)
  Rendered vendor/bundle/gems/actionpack-4.2.3/lib/action_dispatch/middleware/templates/routes/_table.html.erb (1.6ms)
  Rendered vendor/bundle/gems/actionpack-4.2.3/lib/action_dispatch/middleware/templates/rescues/_request_and_response.html.erb (1.8ms)
  Rendered vendor/bundle/gems/actionpack-4.2.3/lib/action_dispatch/middleware/templates/rescues/routing_error.html.erb within rescues/layout (25.4ms)


Started GET "/api/v1/scales" for ::1 at 2015-09-29 14:38:55 -0700

ActionController::RoutingError (uninitialized constant Api):
  vendor/bundle/gems/activesupport-4.2.3/lib/active_support/inflector/methods.rb:261:in `const_get'
  vendor/bundle/gems/activesupport-4.2.3/lib/active_support/inflector/methods.rb:261:in `block in constantize'
  vendor/bundle/gems/activesupport-4.2.3/lib/active_support/inflector/methods.rb:259:in `each'
  vendor/bundle/gems/activesupport-4.2.3/lib/active_support/inflector/methods.rb:259:in `inject'
  vendor/bundle/gems/activesupport-4.2.3/lib/active_support/inflector/methods.rb:259:in `constantize'
  vendor/bundle/gems/actionpack-4.2.3/lib/action_dispatch/routing/route_set.rb:72:in `controller_reference'
  vendor/bundle/gems/actionpack-4.2.3/lib/action_dispatch/routing/route_set.rb:62:in `controller'
  vendor/bundle/gems/actionpack-4.2.3/lib/action_dispatch/routing/route_set.rb:41:in `serve'
  vendor/bundle/gems/actionpack-4.2.3/lib/action_dispatch/journey/router.rb:43:in `block in serve'
  vendor/bundle/gems/actionpack-4.2.3/lib/action_dispatch/journey/router.rb:30:in `each'
  vendor/bundle/gems/actionpack-4.2.3/lib/action_dispatch/journey/router.rb:30:in `serve'
  vendor/bundle/gems/actionpack-4.2.3/lib/action_dispatch/routing/route_set.rb:821:in `call'
  vendor/bundle/gems/rack-1.6.4/lib/rack/etag.rb:24:in `call'
  vendor/bundle/gems/rack-1.6.4/lib/rack/conditionalget.rb:25:in `call'
  vendor/bundle/gems/rack-1.6.4/lib/rack/head.rb:13:in `call'
  vendor/bundle/gems/actionpack-4.2.3/lib/action_dispatch/middleware/params_parser.rb:27:in `call'
  vendor/bundle/gems/activerecord-4.2.3/lib/active_record/query_cache.rb:36:in `call'
  vendor/bundle/gems/activerecord-4.2.3/lib/active_record/connection_adapters/abstract/connection_pool.rb:653:in `call'
  vendor/bundle/gems/activerecord-4.2.3/lib/active_record/migration.rb:377:in `call'
  vendor/bundle/gems/actionpack-4.2.3/lib/action_dispatch/middleware/callbacks.rb:29:in `block in call'
  vendor/bundle/gems/activesupport-4.2.3/lib/active_support/callbacks.rb:84:in `run_callbacks'
  vendor/bundle/gems/actionpack-4.2.3/lib/action_dispatch/middleware/callbacks.rb:27:in `call'
  vendor/bundle/gems/actionpack-4.2.3/lib/action_dispatch/middleware/reloader.rb:73:in `call'
  vendor/bundle/gems/actionpack-4.2.3/lib/action_dispatch/middleware/remote_ip.rb:78:in `call'
  vendor/bundle/gems/actionpack-4.2.3/lib/action_dispatch/middleware/debug_exceptions.rb:17:in `call'
  vendor/bundle/gems/actionpack-4.2.3/lib/action_dispatch/middleware/show_exceptions.rb:30:in `call'
  vendor/bundle/gems/railties-4.2.3/lib/rails/rack/logger.rb:38:in `call_app'
  vendor/bundle/gems/railties-4.2.3/lib/rails/rack/logger.rb:20:in `block in call'
  vendor/bundle/gems/activesupport-4.2.3/lib/active_support/tagged_logging.rb:68:in `block in tagged'
  vendor/bundle/gems/activesupport-4.2.3/lib/active_support/tagged_logging.rb:26:in `tagged'
  vendor/bundle/gems/activesupport-4.2.3/lib/active_support/tagged_logging.rb:68:in `tagged'
  vendor/bundle/gems/railties-4.2.3/lib/rails/rack/logger.rb:20:in `call'
  vendor/bundle/gems/actionpack-4.2.3/lib/action_dispatch/middleware/request_id.rb:21:in `call'
  vendor/bundle/gems/rack-1.6.4/lib/rack/runtime.rb:18:in `call'
  vendor/bundle/gems/activesupport-4.2.3/lib/active_support/cache/strategy/local_cache_middleware.rb:28:in `call'
  vendor/bundle/gems/rack-1.6.4/lib/rack/lock.rb:17:in `call'
  vendor/bundle/gems/actionpack-4.2.3/lib/action_dispatch/middleware/static.rb:116:in `call'
  vendor/bundle/gems/railties-4.2.3/lib/rails/engine.rb:518:in `call'
  vendor/bundle/gems/railties-4.2.3/lib/rails/application.rb:165:in `call'
  vendor/bundle/gems/rack-1.6.4/lib/rack/lock.rb:17:in `call'
  vendor/bundle/gems/rack-1.6.4/lib/rack/content_length.rb:15:in `call'
  vendor/bundle/gems/rack-1.6.4/lib/rack/handler/webrick.rb:88:in `service'
  /Users/LTran/.rbenv/versions/2.0.0-p481/lib/ruby/2.0.0/webrick/httpserver.rb:138:in `service'
  /Users/LTran/.rbenv/versions/2.0.0-p481/lib/ruby/2.0.0/webrick/httpserver.rb:94:in `run'
  /Users/LTran/.rbenv/versions/2.0.0-p481/lib/ruby/2.0.0/webrick/server.rb:295:in `block in start_thread'


  Rendered vendor/bundle/gems/actionpack-4.2.3/lib/action_dispatch/middleware/templates/rescues/_trace.html.erb (3.3ms)
  Rendered vendor/bundle/gems/actionpack-4.2.3/lib/action_dispatch/middleware/templates/routes/_route.html.erb (1.5ms)
  Rendered vendor/bundle/gems/actionpack-4.2.3/lib/action_dispatch/middleware/templates/routes/_table.html.erb (5.9ms)
  Rendered vendor/bundle/gems/actionpack-4.2.3/lib/action_dispatch/middleware/templates/rescues/_request_and_response.html.erb (4.2ms)
  Rendered vendor/bundle/gems/actionpack-4.2.3/lib/action_dispatch/middleware/templates/rescues/routing_error.html.erb within rescues/layout (38.2ms)


Started GET "/api/v1/scales" for ::1 at 2015-09-29 14:45:02 -0700

ActionController::RoutingError (uninitialized constant Api):
  vendor/bundle/gems/activesupport-4.2.3/lib/active_support/inflector/methods.rb:261:in `const_get'
  vendor/bundle/gems/activesupport-4.2.3/lib/active_support/inflector/methods.rb:261:in `block in constantize'
  vendor/bundle/gems/activesupport-4.2.3/lib/active_support/inflector/methods.rb:259:in `each'
  vendor/bundle/gems/activesupport-4.2.3/lib/active_support/inflector/methods.rb:259:in `inject'
  vendor/bundle/gems/activesupport-4.2.3/lib/active_support/inflector/methods.rb:259:in `constantize'
  vendor/bundle/gems/actionpack-4.2.3/lib/action_dispatch/routing/route_set.rb:72:in `controller_reference'
  vendor/bundle/gems/actionpack-4.2.3/lib/action_dispatch/routing/route_set.rb:62:in `controller'
  vendor/bundle/gems/actionpack-4.2.3/lib/action_dispatch/routing/route_set.rb:41:in `serve'
  vendor/bundle/gems/actionpack-4.2.3/lib/action_dispatch/journey/router.rb:43:in `block in serve'
  vendor/bundle/gems/actionpack-4.2.3/lib/action_dispatch/journey/router.rb:30:in `each'
  vendor/bundle/gems/actionpack-4.2.3/lib/action_dispatch/journey/router.rb:30:in `serve'
  vendor/bundle/gems/actionpack-4.2.3/lib/action_dispatch/routing/route_set.rb:821:in `call'
  vendor/bundle/gems/rack-1.6.4/lib/rack/etag.rb:24:in `call'
  vendor/bundle/gems/rack-1.6.4/lib/rack/conditionalget.rb:25:in `call'
  vendor/bundle/gems/rack-1.6.4/lib/rack/head.rb:13:in `call'
  vendor/bundle/gems/actionpack-4.2.3/lib/action_dispatch/middleware/params_parser.rb:27:in `call'
  vendor/bundle/gems/activerecord-4.2.3/lib/active_record/query_cache.rb:36:in `call'
  vendor/bundle/gems/activerecord-4.2.3/lib/active_record/connection_adapters/abstract/connection_pool.rb:653:in `call'
  vendor/bundle/gems/activerecord-4.2.3/lib/active_record/migration.rb:377:in `call'
  vendor/bundle/gems/actionpack-4.2.3/lib/action_dispatch/middleware/callbacks.rb:29:in `block in call'
  vendor/bundle/gems/activesupport-4.2.3/lib/active_support/callbacks.rb:84:in `run_callbacks'
  vendor/bundle/gems/actionpack-4.2.3/lib/action_dispatch/middleware/callbacks.rb:27:in `call'
  vendor/bundle/gems/actionpack-4.2.3/lib/action_dispatch/middleware/reloader.rb:73:in `call'
  vendor/bundle/gems/actionpack-4.2.3/lib/action_dispatch/middleware/remote_ip.rb:78:in `call'
  vendor/bundle/gems/actionpack-4.2.3/lib/action_dispatch/middleware/debug_exceptions.rb:17:in `call'
  vendor/bundle/gems/actionpack-4.2.3/lib/action_dispatch/middleware/show_exceptions.rb:30:in `call'
  vendor/bundle/gems/railties-4.2.3/lib/rails/rack/logger.rb:38:in `call_app'
  vendor/bundle/gems/railties-4.2.3/lib/rails/rack/logger.rb:20:in `block in call'
  vendor/bundle/gems/activesupport-4.2.3/lib/active_support/tagged_logging.rb:68:in `block in tagged'
  vendor/bundle/gems/activesupport-4.2.3/lib/active_support/tagged_logging.rb:26:in `tagged'
  vendor/bundle/gems/activesupport-4.2.3/lib/active_support/tagged_logging.rb:68:in `tagged'
  vendor/bundle/gems/railties-4.2.3/lib/rails/rack/logger.rb:20:in `call'
  vendor/bundle/gems/actionpack-4.2.3/lib/action_dispatch/middleware/request_id.rb:21:in `call'
  vendor/bundle/gems/rack-1.6.4/lib/rack/runtime.rb:18:in `call'
  vendor/bundle/gems/activesupport-4.2.3/lib/active_support/cache/strategy/local_cache_middleware.rb:28:in `call'
  vendor/bundle/gems/rack-1.6.4/lib/rack/lock.rb:17:in `call'
  vendor/bundle/gems/actionpack-4.2.3/lib/action_dispatch/middleware/static.rb:116:in `call'
  vendor/bundle/gems/railties-4.2.3/lib/rails/engine.rb:518:in `call'
  vendor/bundle/gems/railties-4.2.3/lib/rails/application.rb:165:in `call'
  vendor/bundle/gems/rack-1.6.4/lib/rack/lock.rb:17:in `call'
  vendor/bundle/gems/rack-1.6.4/lib/rack/content_length.rb:15:in `call'
  vendor/bundle/gems/rack-1.6.4/lib/rack/handler/webrick.rb:88:in `service'
  /Users/LTran/.rbenv/versions/2.0.0-p481/lib/ruby/2.0.0/webrick/httpserver.rb:138:in `service'
  /Users/LTran/.rbenv/versions/2.0.0-p481/lib/ruby/2.0.0/webrick/httpserver.rb:94:in `run'
  /Users/LTran/.rbenv/versions/2.0.0-p481/lib/ruby/2.0.0/webrick/server.rb:295:in `block in start_thread'


  Rendered vendor/bundle/gems/actionpack-4.2.3/lib/action_dispatch/middleware/templates/rescues/_trace.html.erb (3.0ms)
  Rendered vendor/bundle/gems/actionpack-4.2.3/lib/action_dispatch/middleware/templates/routes/_route.html.erb (1.0ms)
  Rendered vendor/bundle/gems/actionpack-4.2.3/lib/action_dispatch/middleware/templates/routes/_table.html.erb (2.4ms)
  Rendered vendor/bundle/gems/actionpack-4.2.3/lib/action_dispatch/middleware/templates/rescues/_request_and_response.html.erb (61.5ms)
  Rendered vendor/bundle/gems/actionpack-4.2.3/lib/action_dispatch/middleware/templates/rescues/routing_error.html.erb within rescues/layout (89.6ms)


Started GET "/api/v1/scales" for ::1 at 2015-09-29 14:55:03 -0700

SyntaxError (/Users/LTran/DBC/image_scale_api/app/controllers/api/v1/scales_controller.rb:11: syntax error, unexpected '=', expecting keyword_then or ';' or '\n'
		    if image_dimension%2 = 0 || bounding_box.length = 2
		                          ^
/Users/LTran/DBC/image_scale_api/app/controllers/api/v1/scales_controller.rb:34: syntax error, unexpected keyword_end, expecting end-of-input):
  app/controllers/api/v1/scales_controller.rb:11: syntax error, unexpected '=', expecting keyword_then or ';' or '\n'
  app/controllers/api/v1/scales_controller.rb:34: syntax error, unexpected keyword_end, expecting end-of-input


  Rendered vendor/bundle/gems/actionpack-4.2.3/lib/action_dispatch/middleware/templates/rescues/_source.erb (5.4ms)
  Rendered vendor/bundle/gems/actionpack-4.2.3/lib/action_dispatch/middleware/templates/rescues/_trace.html.erb (3.5ms)
  Rendered vendor/bundle/gems/actionpack-4.2.3/lib/action_dispatch/middleware/templates/rescues/_request_and_response.html.erb (4.9ms)
  Rendered vendor/bundle/gems/actionpack-4.2.3/lib/action_dispatch/middleware/templates/rescues/diagnostics.html.erb within rescues/layout (32.4ms)


Started GET "/api/v1/scales" for ::1 at 2015-09-29 14:57:17 -0700
Processing by Api::V1::ScalesController#index as JSON
Completed 500 Internal Server Error in 1ms (ActiveRecord: 0.0ms)

NoMethodError (undefined method `[]' for nil:NilClass):
  app/controllers/api/v1/scales_controller.rb:7:in `index'


  Rendered vendor/bundle/gems/actionpack-4.2.3/lib/action_dispatch/middleware/templates/rescues/_source.erb (7.9ms)
  Rendered vendor/bundle/gems/actionpack-4.2.3/lib/action_dispatch/middleware/templates/rescues/_trace.html.erb (2.2ms)
  Rendered vendor/bundle/gems/actionpack-4.2.3/lib/action_dispatch/middleware/templates/rescues/_request_and_response.html.erb (1.8ms)
  Rendered vendor/bundle/gems/actionpack-4.2.3/lib/action_dispatch/middleware/templates/rescues/diagnostics.html.erb within rescues/layout (27.0ms)


Started GET "/api/v1/scales?image_dimensions=[400,200]&bounding_box=[200,200]" for ::1 at 2015-09-30 14:10:50 -0700
Processing by Api::V1::ScalesController#index as JSON
  Parameters: {"image_dimensions"=>"[400,200]", "bounding_box"=>"[200,200]"}
Completed 500 Internal Server Error in 0ms (ActiveRecord: 0.0ms)

NoMethodError (undefined method `[]' for nil:NilClass):
  app/controllers/api/v1/scales_controller.rb:7:in `index'


  Rendered /Users/Tanay/.rbenv/versions/2.2.1/lib/ruby/gems/2.2.0/gems/actionpack-4.2.3/lib/action_dispatch/middleware/templates/rescues/_source.erb (3.3ms)
  Rendered /Users/Tanay/.rbenv/versions/2.2.1/lib/ruby/gems/2.2.0/gems/actionpack-4.2.3/lib/action_dispatch/middleware/templates/rescues/_trace.html.erb (2.8ms)
  Rendered /Users/Tanay/.rbenv/versions/2.2.1/lib/ruby/gems/2.2.0/gems/actionpack-4.2.3/lib/action_dispatch/middleware/templates/rescues/_request_and_response.html.erb (1.3ms)
  Rendered /Users/Tanay/.rbenv/versions/2.2.1/lib/ruby/gems/2.2.0/gems/actionpack-4.2.3/lib/action_dispatch/middleware/templates/rescues/diagnostics.html.erb within rescues/layout (61.5ms)


Started GET "/api/v1/scales?image_dimensions=[400,200]&bounding_box=[200,200]" for ::1 at 2015-09-30 14:12:36 -0700
Processing by Api::V1::ScalesController#index as JSON
  Parameters: {"image_dimensions"=>"[400,200]", "bounding_box"=>"[200,200]"}
Completed 500 Internal Server Error in 0ms (ActiveRecord: 0.0ms)

NoMethodError (undefined method `[]' for nil:NilClass):
  app/controllers/api/v1/scales_controller.rb:9:in `index'


  Rendered /Users/Tanay/.rbenv/versions/2.2.1/lib/ruby/gems/2.2.0/gems/actionpack-4.2.3/lib/action_dispatch/middleware/templates/rescues/_source.erb (3.3ms)
  Rendered /Users/Tanay/.rbenv/versions/2.2.1/lib/ruby/gems/2.2.0/gems/actionpack-4.2.3/lib/action_dispatch/middleware/templates/rescues/_trace.html.erb (2.5ms)
  Rendered /Users/Tanay/.rbenv/versions/2.2.1/lib/ruby/gems/2.2.0/gems/actionpack-4.2.3/lib/action_dispatch/middleware/templates/rescues/_request_and_response.html.erb (1.2ms)
  Rendered /Users/Tanay/.rbenv/versions/2.2.1/lib/ruby/gems/2.2.0/gems/actionpack-4.2.3/lib/action_dispatch/middleware/templates/rescues/diagnostics.html.erb within rescues/layout (66.1ms)


Started GET "/api/v1/scales?image_dimensions=[400,200]&bounding_box=[200,200]" for ::1 at 2015-09-30 14:14:14 -0700
Processing by Api::V1::ScalesController#index as JSON
  Parameters: {"image_dimensions"=>"[400,200]", "bounding_box"=>"[200,200]"}
Completed 500 Internal Server Error in 0ms (ActiveRecord: 0.0ms)

NoMethodError (undefined method `type' for nil:NilClass):
  app/controllers/api/v1/scales_controller.rb:7:in `index'


  Rendered /Users/Tanay/.rbenv/versions/2.2.1/lib/ruby/gems/2.2.0/gems/actionpack-4.2.3/lib/action_dispatch/middleware/templates/rescues/_source.erb (2.9ms)
  Rendered /Users/Tanay/.rbenv/versions/2.2.1/lib/ruby/gems/2.2.0/gems/actionpack-4.2.3/lib/action_dispatch/middleware/templates/rescues/_trace.html.erb (2.0ms)
  Rendered /Users/Tanay/.rbenv/versions/2.2.1/lib/ruby/gems/2.2.0/gems/actionpack-4.2.3/lib/action_dispatch/middleware/templates/rescues/_request_and_response.html.erb (1.7ms)
  Rendered /Users/Tanay/.rbenv/versions/2.2.1/lib/ruby/gems/2.2.0/gems/actionpack-4.2.3/lib/action_dispatch/middleware/templates/rescues/diagnostics.html.erb within rescues/layout (47.5ms)


Started GET "/api/v1/scales?image_dimensions=[400,200]&bounding_box=[200,200]" for ::1 at 2015-09-30 14:14:40 -0700
Processing by Api::V1::ScalesController#index as JSON
  Parameters: {"image_dimensions"=>"[400,200]", "bounding_box"=>"[200,200]"}
Completed 500 Internal Server Error in 0ms (ActiveRecord: 0.0ms)

NoMethodError (undefined method `[]' for nil:NilClass):
  app/controllers/api/v1/scales_controller.rb:10:in `index'


  Rendered /Users/Tanay/.rbenv/versions/2.2.1/lib/ruby/gems/2.2.0/gems/actionpack-4.2.3/lib/action_dispatch/middleware/templates/rescues/_source.erb (4.6ms)
  Rendered /Users/Tanay/.rbenv/versions/2.2.1/lib/ruby/gems/2.2.0/gems/actionpack-4.2.3/lib/action_dispatch/middleware/templates/rescues/_trace.html.erb (1.7ms)
  Rendered /Users/Tanay/.rbenv/versions/2.2.1/lib/ruby/gems/2.2.0/gems/actionpack-4.2.3/lib/action_dispatch/middleware/templates/rescues/_request_and_response.html.erb (1.2ms)
  Rendered /Users/Tanay/.rbenv/versions/2.2.1/lib/ruby/gems/2.2.0/gems/actionpack-4.2.3/lib/action_dispatch/middleware/templates/rescues/diagnostics.html.erb within rescues/layout (48.6ms)


Started GET "/api/v1/scales?image_dimensions=[400,200]&bounding_box=[200,200]" for ::1 at 2015-09-30 14:14:55 -0700
Processing by Api::V1::ScalesController#index as JSON
  Parameters: {"image_dimensions"=>"[400,200]", "bounding_box"=>"[200,200]"}
Completed 500 Internal Server Error in 0ms (ActiveRecord: 0.0ms)

NoMethodError (undefined method `[]' for nil:NilClass):
  app/controllers/api/v1/scales_controller.rb:10:in `index'


  Rendered /Users/Tanay/.rbenv/versions/2.2.1/lib/ruby/gems/2.2.0/gems/actionpack-4.2.3/lib/action_dispatch/middleware/templates/rescues/_source.erb (3.3ms)
  Rendered /Users/Tanay/.rbenv/versions/2.2.1/lib/ruby/gems/2.2.0/gems/actionpack-4.2.3/lib/action_dispatch/middleware/templates/rescues/_trace.html.erb (1.5ms)
  Rendered /Users/Tanay/.rbenv/versions/2.2.1/lib/ruby/gems/2.2.0/gems/actionpack-4.2.3/lib/action_dispatch/middleware/templates/rescues/_request_and_response.html.erb (0.8ms)
  Rendered /Users/Tanay/.rbenv/versions/2.2.1/lib/ruby/gems/2.2.0/gems/actionpack-4.2.3/lib/action_dispatch/middleware/templates/rescues/diagnostics.html.erb within rescues/layout (39.0ms)


Started GET "/api/v1/scales?image_dimensions=[400,200]&bounding_box=[200,200]" for ::1 at 2015-09-30 14:15:47 -0700
Processing by Api::V1::ScalesController#index as JSON
  Parameters: {"image_dimensions"=>"[400,200]", "bounding_box"=>"[200,200]"}
Completed 500 Internal Server Error in 2ms (ActiveRecord: 0.0ms)

NameError (undefined local variable or method `image_dimensions' for #<Api::V1::ScalesController:0x007fe9c21430a8>):
  app/controllers/api/v1/scales_controller.rb:5:in `index'


  Rendered /Users/Tanay/.rbenv/versions/2.2.1/lib/ruby/gems/2.2.0/gems/actionpack-4.2.3/lib/action_dispatch/middleware/templates/rescues/_source.erb (3.3ms)
  Rendered /Users/Tanay/.rbenv/versions/2.2.1/lib/ruby/gems/2.2.0/gems/actionpack-4.2.3/lib/action_dispatch/middleware/templates/rescues/_trace.html.erb (1.5ms)
  Rendered /Users/Tanay/.rbenv/versions/2.2.1/lib/ruby/gems/2.2.0/gems/actionpack-4.2.3/lib/action_dispatch/middleware/templates/rescues/_request_and_response.html.erb (0.8ms)
  Rendered /Users/Tanay/.rbenv/versions/2.2.1/lib/ruby/gems/2.2.0/gems/actionpack-4.2.3/lib/action_dispatch/middleware/templates/rescues/diagnostics.html.erb within rescues/layout (40.3ms)


Started GET "/api/v1/scales?image_dimensions=[400,200]&bounding_box=[200,200]" for ::1 at 2015-09-30 14:16:02 -0700
Processing by Api::V1::ScalesController#index as JSON
  Parameters: {"image_dimensions"=>"[400,200]", "bounding_box"=>"[200,200]"}
Completed 500 Internal Server Error in 0ms (ActiveRecord: 0.0ms)

NoMethodError (undefined method `[]' for nil:NilClass):
  app/controllers/api/v1/scales_controller.rb:10:in `index'


  Rendered /Users/Tanay/.rbenv/versions/2.2.1/lib/ruby/gems/2.2.0/gems/actionpack-4.2.3/lib/action_dispatch/middleware/templates/rescues/_source.erb (5.7ms)
  Rendered /Users/Tanay/.rbenv/versions/2.2.1/lib/ruby/gems/2.2.0/gems/actionpack-4.2.3/lib/action_dispatch/middleware/templates/rescues/_trace.html.erb (2.6ms)
  Rendered /Users/Tanay/.rbenv/versions/2.2.1/lib/ruby/gems/2.2.0/gems/actionpack-4.2.3/lib/action_dispatch/middleware/templates/rescues/_request_and_response.html.erb (1.3ms)
  Rendered /Users/Tanay/.rbenv/versions/2.2.1/lib/ruby/gems/2.2.0/gems/actionpack-4.2.3/lib/action_dispatch/middleware/templates/rescues/diagnostics.html.erb within rescues/layout (66.9ms)


Started GET "/api/v1/scales?image_dimensions=[400,200]&bounding_box=[200,200]" for ::1 at 2015-09-30 14:18:38 -0700
Processing by Api::V1::ScalesController#index as JSON
  Parameters: {"image_dimensions"=>"[400,200]", "bounding_box"=>"[200,200]"}
Completed 500 Internal Server Error in 1ms (ActiveRecord: 0.0ms)

NoMethodError (undefined method `%' for nil:NilClass):
  app/controllers/api/v1/scales_controller.rb:14:in `index'


  Rendered /Users/Tanay/.rbenv/versions/2.2.1/lib/ruby/gems/2.2.0/gems/actionpack-4.2.3/lib/action_dispatch/middleware/templates/rescues/_source.erb (3.2ms)
  Rendered /Users/Tanay/.rbenv/versions/2.2.1/lib/ruby/gems/2.2.0/gems/actionpack-4.2.3/lib/action_dispatch/middleware/templates/rescues/_trace.html.erb (1.8ms)
  Rendered /Users/Tanay/.rbenv/versions/2.2.1/lib/ruby/gems/2.2.0/gems/actionpack-4.2.3/lib/action_dispatch/middleware/templates/rescues/_request_and_response.html.erb (1.0ms)
  Rendered /Users/Tanay/.rbenv/versions/2.2.1/lib/ruby/gems/2.2.0/gems/actionpack-4.2.3/lib/action_dispatch/middleware/templates/rescues/diagnostics.html.erb within rescues/layout (49.4ms)


Started GET "/api/v1/scales?image_dimensions=[400,200]&bounding_box=[200,200]" for ::1 at 2015-09-30 14:19:06 -0700

SyntaxError (/Users/Tanay/Downloads/image_scale_api/app/controllers/api/v1/scales_controller.rb:5: premature end of char-class: /[[]]/):
  app/controllers/api/v1/scales_controller.rb:5: premature end of char-class: /[[]]/


  Rendered /Users/Tanay/.rbenv/versions/2.2.1/lib/ruby/gems/2.2.0/gems/actionpack-4.2.3/lib/action_dispatch/middleware/templates/rescues/_source.erb (4.5ms)
  Rendered /Users/Tanay/.rbenv/versions/2.2.1/lib/ruby/gems/2.2.0/gems/actionpack-4.2.3/lib/action_dispatch/middleware/templates/rescues/_trace.html.erb (2.5ms)
  Rendered /Users/Tanay/.rbenv/versions/2.2.1/lib/ruby/gems/2.2.0/gems/actionpack-4.2.3/lib/action_dispatch/middleware/templates/rescues/_request_and_response.html.erb (1.3ms)
  Rendered /Users/Tanay/.rbenv/versions/2.2.1/lib/ruby/gems/2.2.0/gems/actionpack-4.2.3/lib/action_dispatch/middleware/templates/rescues/diagnostics.html.erb within rescues/layout (56.6ms)


Started GET "/api/v1/scales?image_dimensions=[400,200]&bounding_box=[200,200]" for ::1 at 2015-09-30 14:20:02 -0700
Processing by Api::V1::ScalesController#index as JSON
  Parameters: {"image_dimensions"=>"[400,200]", "bounding_box"=>"[200,200]"}
Completed 400 Bad Request in 1ms (Views: 0.3ms | ActiveRecord: 0.0ms)


Started GET "/api/v1/scales?image_dimensions=[400,200]&bounding_box=[200,200]" for ::1 at 2015-09-30 14:20:50 -0700
Processing by Api::V1::ScalesController#index as JSON
  Parameters: {"image_dimensions"=>"[400,200]", "bounding_box"=>"[200,200]"}
Completed 500 Internal Server Error in 3ms (ActiveRecord: 0.0ms)

NameError (undefined local variable or method `n' for #<Api::V1::ScalesController:0x007fe9c14a0cb0>):
  app/controllers/api/v1/scales_controller.rb:5:in `index'


  Rendered /Users/Tanay/.rbenv/versions/2.2.1/lib/ruby/gems/2.2.0/gems/actionpack-4.2.3/lib/action_dispatch/middleware/templates/rescues/_source.erb (2.9ms)
  Rendered /Users/Tanay/.rbenv/versions/2.2.1/lib/ruby/gems/2.2.0/gems/actionpack-4.2.3/lib/action_dispatch/middleware/templates/rescues/_trace.html.erb (1.5ms)
  Rendered /Users/Tanay/.rbenv/versions/2.2.1/lib/ruby/gems/2.2.0/gems/actionpack-4.2.3/lib/action_dispatch/middleware/templates/rescues/_request_and_response.html.erb (0.8ms)
  Rendered /Users/Tanay/.rbenv/versions/2.2.1/lib/ruby/gems/2.2.0/gems/actionpack-4.2.3/lib/action_dispatch/middleware/templates/rescues/diagnostics.html.erb within rescues/layout (39.3ms)


Started GET "/api/v1/scales?image_dimensions=[400,200]&bounding_box=[200,200]" for ::1 at 2015-09-30 14:21:01 -0700
Processing by Api::V1::ScalesController#index as JSON
  Parameters: {"image_dimensions"=>"[400,200]", "bounding_box"=>"[200,200]"}
Completed 400 Bad Request in 0ms (Views: 0.1ms | ActiveRecord: 0.0ms)


Started GET "/api/v1/scales?image_dimensions=[400,200]&bounding_box=[200,200]" for ::1 at 2015-09-30 14:23:16 -0700
Processing by Api::V1::ScalesController#index as JSON
  Parameters: {"image_dimensions"=>"[400,200]", "bounding_box"=>"[200,200]"}
Completed 400 Bad Request in 0ms (Views: 0.1ms | ActiveRecord: 0.0ms)


Started GET "/api/v1/scales?image_dimensions=[400,200]&bounding_box=[200,200]" for ::1 at 2015-09-30 14:23:38 -0700
Processing by Api::V1::ScalesController#index as JSON
  Parameters: {"image_dimensions"=>"[400,200]", "bounding_box"=>"[200,200]"}
Completed 500 Internal Server Error in 0ms (ActiveRecord: 0.0ms)

NoMethodError (undefined method `to_a' for "[200,200]":String):
  app/controllers/api/v1/scales_controller.rb:7:in `index'


  Rendered /Users/Tanay/.rbenv/versions/2.2.1/lib/ruby/gems/2.2.0/gems/actionpack-4.2.3/lib/action_dispatch/middleware/templates/rescues/_source.erb (2.8ms)
  Rendered /Users/Tanay/.rbenv/versions/2.2.1/lib/ruby/gems/2.2.0/gems/actionpack-4.2.3/lib/action_dispatch/middleware/templates/rescues/_trace.html.erb (1.5ms)
  Rendered /Users/Tanay/.rbenv/versions/2.2.1/lib/ruby/gems/2.2.0/gems/actionpack-4.2.3/lib/action_dispatch/middleware/templates/rescues/_request_and_response.html.erb (0.7ms)
  Rendered /Users/Tanay/.rbenv/versions/2.2.1/lib/ruby/gems/2.2.0/gems/actionpack-4.2.3/lib/action_dispatch/middleware/templates/rescues/diagnostics.html.erb within rescues/layout (37.5ms)


Started GET "/api/v1/scales?image_dimensions=[400,200]&bounding_box=[200,200]" for ::1 at 2015-09-30 14:23:58 -0700
Processing by Api::V1::ScalesController#index as JSON
  Parameters: {"image_dimensions"=>"[400,200]", "bounding_box"=>"[200,200]"}
Completed 400 Bad Request in 0ms (Views: 0.1ms | ActiveRecord: 0.0ms)


Started GET "/api/v1/scales?image_dimensions=[400,200]&bounding_box=[200,200" for ::1 at 2015-09-30 14:24:15 -0700
Processing by Api::V1::ScalesController#index as JSON
  Parameters: {"image_dimensions"=>"[400,200]", "bounding_box"=>"[200,200"}
Completed 400 Bad Request in 0ms (Views: 0.1ms | ActiveRecord: 0.0ms)


Started GET "/api/v1/scales?image_dimensions=[400,200]&bounding_box=[200,200]" for ::1 at 2015-09-30 14:24:21 -0700
Processing by Api::V1::ScalesController#index as JSON
  Parameters: {"image_dimensions"=>"[400,200]", "bounding_box"=>"[200,200]"}
Completed 400 Bad Request in 0ms (Views: 0.1ms | ActiveRecord: 0.0ms)


Started GET "/api/v1/scales?image_dimensions=[400,200]&bounding_box=[200,200]" for ::1 at 2015-09-30 14:25:14 -0700
Processing by Api::V1::ScalesController#index as JSON
  Parameters: {"image_dimensions"=>"[400,200]", "bounding_box"=>"[200,200]"}
Completed 400 Bad Request in 0ms (Views: 0.1ms | ActiveRecord: 0.0ms)


Started GET "/api/v1/scales?image_dimensions=[400,200]&bounding_box=[200,200]" for ::1 at 2015-09-30 14:37:54 -0700
Processing by Api::V1::ScalesController#index as JSON
  Parameters: {"image_dimensions"=>"[400,200]", "bounding_box"=>"[200,200]"}
Completed 400 Bad Request in 0ms (Views: 0.1ms | ActiveRecord: 0.0ms)


Started GET "/api/v1/scales?image_dimensions=[400,200]&bounding_box=[200,200]" for ::1 at 2015-09-30 14:38:06 -0700
Processing by Api::V1::ScalesController#index as JSON
  Parameters: {"image_dimensions"=>"[400,200]", "bounding_box"=>"[200,200]"}
Completed 400 Bad Request in 1ms (Views: 0.1ms | ActiveRecord: 0.0ms)


Started GET "/api/v1/scales?image_dimensions=[400,200]&bounding_box=[200,200]" for ::1 at 2015-09-30 14:45:18 -0700
Processing by Api::V1::ScalesController#index as JSON
  Parameters: {"image_dimensions"=>"[400,200]", "bounding_box"=>"[200,200]"}
Completed 500 Internal Server Error in 1ms (ActiveRecord: 0.0ms)

NoMethodError (undefined method `%' for ["400", "200"]:Array):
  app/controllers/api/v1/scales_controller.rb:14:in `index'


  Rendered /Users/Tanay/.rbenv/versions/2.2.1/lib/ruby/gems/2.2.0/gems/actionpack-4.2.3/lib/action_dispatch/middleware/templates/rescues/_source.erb (3.1ms)
  Rendered /Users/Tanay/.rbenv/versions/2.2.1/lib/ruby/gems/2.2.0/gems/actionpack-4.2.3/lib/action_dispatch/middleware/templates/rescues/_trace.html.erb (2.8ms)
  Rendered /Users/Tanay/.rbenv/versions/2.2.1/lib/ruby/gems/2.2.0/gems/actionpack-4.2.3/lib/action_dispatch/middleware/templates/rescues/_request_and_response.html.erb (1.4ms)
  Rendered /Users/Tanay/.rbenv/versions/2.2.1/lib/ruby/gems/2.2.0/gems/actionpack-4.2.3/lib/action_dispatch/middleware/templates/rescues/diagnostics.html.erb within rescues/layout (49.4ms)


Started GET "/api/v1/scales?image_dimensions=[400,200]&bounding_box=[200,200]" for ::1 at 2015-09-30 14:45:49 -0700
Processing by Api::V1::ScalesController#index as JSON
  Parameters: {"image_dimensions"=>"[400,200]", "bounding_box"=>"[200,200]"}
Completed 200 OK in 2ms (Views: 1.4ms | ActiveRecord: 0.0ms)


Started GET "/api/v1/scales?image_dimensions=[400,200]&bounding_box=[200,200]" for ::1 at 2015-09-30 14:56:36 -0700

SyntaxError (/Users/Tanay/Downloads/image_scale_api/app/controllers/api/v1/scales_controller.rb:27: syntax error, unexpected ']', expecting '}'
...ounding_box: [bound_w,bound_h]]}
...                               ^):
  app/controllers/api/v1/scales_controller.rb:27: syntax error, unexpected ']', expecting '}'


  Rendered /Users/Tanay/.rbenv/versions/2.2.1/lib/ruby/gems/2.2.0/gems/actionpack-4.2.3/lib/action_dispatch/middleware/templates/rescues/_source.erb (2.9ms)
  Rendered /Users/Tanay/.rbenv/versions/2.2.1/lib/ruby/gems/2.2.0/gems/actionpack-4.2.3/lib/action_dispatch/middleware/templates/rescues/_trace.html.erb (3.1ms)
  Rendered /Users/Tanay/.rbenv/versions/2.2.1/lib/ruby/gems/2.2.0/gems/actionpack-4.2.3/lib/action_dispatch/middleware/templates/rescues/_request_and_response.html.erb (0.9ms)
  Rendered /Users/Tanay/.rbenv/versions/2.2.1/lib/ruby/gems/2.2.0/gems/actionpack-4.2.3/lib/action_dispatch/middleware/templates/rescues/diagnostics.html.erb within rescues/layout (48.8ms)


Started GET "/api/v1/scales?image_dimensions=[400,200]&bounding_box=[200,200]" for ::1 at 2015-09-30 14:56:56 -0700
Processing by Api::V1::ScalesController#index as JSON
  Parameters: {"image_dimensions"=>"[400,200]", "bounding_box"=>"[200,200]"}
Completed 200 OK in 0ms (Views: 0.1ms | ActiveRecord: 0.0ms)


Started GET "/api/v1/scales?image_dimensions=[400,200]&bounding_box=[200,200]" for ::1 at 2015-09-30 14:57:36 -0700
Processing by Api::V1::ScalesController#index as JSON
  Parameters: {"image_dimensions"=>"[400,200]", "bounding_box"=>"[200,200]"}
Completed 200 OK in 0ms (Views: 0.2ms | ActiveRecord: 0.0ms)


Started GET "/api/v1/scales?image_dimensions=[400,200]&bounding_box=[200,200]" for ::1 at 2015-09-30 14:58:49 -0700
Processing by Api::V1::ScalesController#index as JSON
  Parameters: {"image_dimensions"=>"[400,200]", "bounding_box"=>"[200,200]"}
Completed 200 OK in 0ms (Views: 0.1ms | ActiveRecord: 0.0ms)


Started GET "/api/v1/scales?image_dimensions=[400,200]&bounding_box=[200,200]" for ::1 at 2015-09-30 15:01:54 -0700
Processing by Api::V1::ScalesController#index as JSON
  Parameters: {"image_dimensions"=>"[400,200]", "bounding_box"=>"[200,200]"}
Completed 200 OK in 0ms (Views: 0.1ms | ActiveRecord: 0.0ms)


Started GET "/api/v1/scales?image_dimensions=[400,200]&bounding_box=[200,200]" for ::1 at 2015-09-30 15:02:07 -0700
Processing by Api::V1::ScalesController#index as JSON
  Parameters: {"image_dimensions"=>"[400,200]", "bounding_box"=>"[200,200]"}
Completed 200 OK in 0ms (Views: 0.1ms | ActiveRecord: 0.0ms)


Started GET "/api/v1/scales?image_dimensions=[400,200]&bounding_box=[200,200]" for ::1 at 2015-09-30 15:04:06 -0700
Processing by Api::V1::ScalesController#index as JSON
  Parameters: {"image_dimensions"=>"[400,200]", "bounding_box"=>"[200,200]"}
Completed 200 OK in 0ms (Views: 0.1ms | ActiveRecord: 0.0ms)


Started GET "/api/v1/scales?image_dimensions=[1256,1200,%20600,%20800,%20200,%20200,%20400,%20200,%20800,1256]&bounding_box=[200,200]" for ::1 at 2015-09-30 15:04:11 -0700
Processing by Api::V1::ScalesController#index as JSON
  Parameters: {"image_dimensions"=>"[1256,1200, 600, 800, 200, 200, 400, 200, 800,1256]", "bounding_box"=>"[200,200]"}
Completed 200 OK in 0ms (Views: 0.1ms | ActiveRecord: 0.0ms)


Started GET "/api/v1/scales?image_dimensions=[1256,1200,%20600,%20800,%20200,%20200,%20400,%20200,%20800,1256]&bounding_box=[200,200]" for ::1 at 2015-09-30 15:06:22 -0700
Processing by Api::V1::ScalesController#index as JSON
  Parameters: {"image_dimensions"=>"[1256,1200, 600, 800, 200, 200, 400, 200, 800,1256]", "bounding_box"=>"[200,200]"}
Completed 200 OK in 0ms (Views: 0.1ms | ActiveRecord: 0.0ms)


Started GET "/api/v1/scales?image_dimensions=[1256,1200]&bounding_box=[200,200]" for ::1 at 2015-09-30 15:06:58 -0700
Processing by Api::V1::ScalesController#index as JSON
  Parameters: {"image_dimensions"=>"[1256,1200]", "bounding_box"=>"[200,200]"}
Completed 200 OK in 0ms (Views: 0.1ms | ActiveRecord: 0.0ms)


Started GET "/api/v1/scales?image_dimensions=[1256,1200]&bounding_box=[200,200]" for ::1 at 2015-09-30 15:10:15 -0700
Processing by Api::V1::ScalesController#index as JSON
  Parameters: {"image_dimensions"=>"[1256,1200]", "bounding_box"=>"[200,200]"}
Completed 200 OK in 0ms (Views: 0.2ms | ActiveRecord: 0.0ms)


Started GET "/api/v1/scales?image_dimensions=[1256,1200]&bounding_box=[200,200]" for ::1 at 2015-09-30 15:10:32 -0700
Processing by Api::V1::ScalesController#index as JSON
  Parameters: {"image_dimensions"=>"[1256,1200]", "bounding_box"=>"[200,200]"}
Completed 200 OK in 0ms (Views: 0.1ms | ActiveRecord: 0.0ms)


Started GET "/api/v1/scales?image_dimensions=[1256,1200]&bounding_box=[200,200]" for ::1 at 2015-09-30 15:11:51 -0700
Processing by Api::V1::ScalesController#index as JSON
  Parameters: {"image_dimensions"=>"[1256,1200]", "bounding_box"=>"[200,200]"}
Completed 200 OK in 0ms (Views: 0.1ms | ActiveRecord: 0.0ms)


Started GET "/api/v1/scales?image_dimensions=[1256,1200]&bounding_box=[200,200]" for ::1 at 2015-09-30 15:12:13 -0700
Processing by Api::V1::ScalesController#index as JSON
  Parameters: {"image_dimensions"=>"[1256,1200]", "bounding_box"=>"[200,200]"}
Completed 200 OK in 0ms (Views: 0.2ms | ActiveRecord: 0.0ms)


Started GET "/api/v1/scales?image_dimensions=[1256,1200]&bounding_box=[200,200]" for ::1 at 2015-09-30 15:12:38 -0700
Processing by Api::V1::ScalesController#index as JSON
  Parameters: {"image_dimensions"=>"[1256,1200]", "bounding_box"=>"[200,200]"}
Completed 200 OK in 0ms (Views: 0.2ms | ActiveRecord: 0.0ms)


Started GET "/api/v1/scales?image_dimensions=[1256,1200]&bounding_box=[200,200]" for ::1 at 2015-09-30 15:51:09 -0700
Processing by Api::V1::ScalesController#index as JSON
  Parameters: {"image_dimensions"=>"[1256,1200]", "bounding_box"=>"[200,200]"}
Completed 200 OK in 0ms (Views: 0.1ms | ActiveRecord: 0.0ms)


Started GET "/api/v1/scales?image_dimensions=[1256,1200]&bounding_box=[200,200]" for ::1 at 2015-09-30 15:51:37 -0700
Processing by Api::V1::ScalesController#index as JSON
  Parameters: {"image_dimensions"=>"[1256,1200]", "bounding_box"=>"[200,200]"}
Completed 200 OK in 1ms (Views: 0.2ms | ActiveRecord: 0.0ms)


Started GET "/api/v1/scales?image_dimensions=[1256,1200,%20600,%20800,%20200,%20200,%20400,%20200,%20800,1256]&bounding_box=[200,200]" for ::1 at 2015-09-30 15:51:49 -0700
Processing by Api::V1::ScalesController#index as JSON
  Parameters: {"image_dimensions"=>"[1256,1200, 600, 800, 200, 200, 400, 200, 800,1256]", "bounding_box"=>"[200,200]"}
Completed 200 OK in 0ms (Views: 0.2ms | ActiveRecord: 0.0ms)


Started GET "/api/v1/scales?image_dimensions=[1256,1200,%20600,%20800,%20200,%20200,%20400,%20200,%20800,1256]&bounding_box=[200,200]" for ::1 at 2015-09-30 15:52:21 -0700
Processing by Api::V1::ScalesController#index as JSON
  Parameters: {"image_dimensions"=>"[1256,1200, 600, 800, 200, 200, 400, 200, 800,1256]", "bounding_box"=>"[200,200]"}
Completed 200 OK in 1ms (Views: 0.2ms | ActiveRecord: 0.0ms)


Started GET "/api/v1/scales?image_dimensions=[400,200]&bounding_box=[200,200]" for ::1 at 2015-09-30 15:56:52 -0700
Processing by Api::V1::ScalesController#index as JSON
  Parameters: {"image_dimensions"=>"[400,200]", "bounding_box"=>"[200,200]"}
Completed 200 OK in 0ms (Views: 0.2ms | ActiveRecord: 0.0ms)
